2025-11-22 17:08:18 - === NEW REQUEST STARTED ===
2025-11-22 17:08:18 - Request method: POST
2025-11-22 17:08:18 - Request data: {"order_id":66,"payment_method":"qr"}
2025-11-22 17:08:18 - Decoded input: Array
(
    [order_id] => 66
    [payment_method] => qr
)

2025-11-22 17:08:18 - NotificationAudit class initialized
2025-11-22 17:08:18 - Starting insertTransactionLog with data: Array
(
    [order_id] => 66
    [payment_method] => qr
)

2025-11-22 17:08:18 - Transaction started
2025-11-22 17:08:18 - Parsed data - OrderID: 66, UserID: , Total: 0, Payment: qr
2025-11-22 17:08:18 - Exception in insertTransactionLog: User ID is required
2025-11-22 17:08:18 - Final result: Array
(
    [success] => 
    [error] => User ID is required
)

2025-11-22 17:08:18 - === REQUEST COMPLETED ===

